# JRE version: Java(TM) SE Runtime Environment (8.0_121-b13) (build 1.8.0_121-b13)
# Java VM: Java HotSpot(TM) 64-Bit Server VM (25.121-b13 mixed mode windows-amd64 compressed oops)
Heap:
 PSYoungGen      total 239104K, used 159080K [0x00000000d5c00000, 0x00000000ee580000, 0x0000000100000000)
  eden space 224768K, 70% used [0x00000000d5c00000,0x00000000df75a208,0x00000000e3780000)
  from space 14336K, 0% used [0x00000000e3780000,0x00000000e3780000,0x00000000e4580000)
  to   space 15360K, 0% used [0x00000000ed680000,0x00000000ed680000,0x00000000ee580000)
 ParOldGen       total 83456K, used 20416K [0x0000000081400000, 0x0000000086580000, 0x00000000d5c00000)
  object space 83456K, 24% used [0x0000000081400000,0x00000000827f00a8,0x0000000086580000)
 Metaspace       used 47070K, capacity 47564K, committed 47920K, reserved 1091584K
  class space    used 6006K, capacity 6150K, committed 6192K, reserved 1048576K
GC Heap History (10 events):
Event: 2.725 GC heap before
{Heap before GC invocations=5 (full 1):
 PSYoungGen      total 138240K, used 5113K [0x00000000d5c00000, 0x00000000de800000, 0x0000000100000000)
  eden space 133120K, 0% used [0x00000000d5c00000,0x00000000d5c00000,0x00000000dde00000)
  from space 5120K, 99% used [0x00000000de300000,0x00000000de7fe500,0x00000000de800000)
  to   space 5120K, 0% used [0x00000000dde00000,0x00000000dde00000,0x00000000de300000)
 ParOldGen       total 87552K, used 7237K [0x0000000081400000, 0x0000000086980000, 0x00000000d5c00000)
  object space 87552K, 8% used [0x0000000081400000,0x0000000081b116f8,0x0000000086980000)
 Metaspace       used 20919K, capacity 21214K, committed 21296K, reserved 1069056K
  class space    used 2500K, capacity 2578K, committed 2608K, reserved 1048576K
Event: 2.780 GC heap after
Heap after GC invocations=5 (full 1):
 PSYoungGen      total 138240K, used 0K [0x00000000d5c00000, 0x00000000de800000, 0x0000000100000000)
  eden space 133120K, 0% used [0x00000000d5c00000,0x00000000d5c00000,0x00000000dde00000)
  from space 5120K, 0% used [0x00000000de300000,0x00000000de300000,0x00000000de800000)
  to   space 5120K, 0% used [0x00000000dde00000,0x00000000dde00000,0x00000000de300000)
 ParOldGen       total 53248K, used 7133K [0x0000000081400000, 0x0000000084800000, 0x00000000d5c00000)
  object space 53248K, 13% used [0x0000000081400000,0x0000000081af7780,0x0000000084800000)
 Metaspace       used 20919K, capacity 21214K, committed 21296K, reserved 1069056K
  class space    used 2500K, capacity 2578K, committed 2608K, reserved 1048576K
}
Event: 4.535 GC heap before
{Heap before GC invocations=6 (full 1):
 PSYoungGen      total 138240K, used 133120K [0x00000000d5c00000, 0x00000000de800000, 0x0000000100000000)
  eden space 133120K, 100% used [0x00000000d5c00000,0x00000000dde00000,0x00000000dde00000)
  from space 5120K, 0% used [0x00000000de300000,0x00000000de300000,0x00000000de800000)
  to   space 5120K, 0% used [0x00000000dde00000,0x00000000dde00000,0x00000000de300000)
 ParOldGen       total 53248K, used 7133K [0x0000000081400000, 0x0000000084800000, 0x00000000d5c00000)
  object space 53248K, 13% used [0x0000000081400000,0x0000000081af7780,0x0000000084800000)
 Metaspace       used 26630K, capacity 27002K, committed 27184K, reserved 1073152K
  class space    used 3283K, capacity 3372K, committed 3376K, reserved 1048576K
Event: 4.587 GC heap after
Heap after GC invocations=6 (full 1):
 PSYoungGen      total 138240K, used 5109K [0x00000000d5c00000, 0x00000000e4f80000, 0x0000000100000000)
  eden space 133120K, 0% used [0x00000000d5c00000,0x00000000d5c00000,0x00000000dde00000)
  from space 5120K, 99% used [0x00000000dde00000,0x00000000de2fd530,0x00000000de300000)
  to   space 10240K, 0% used [0x00000000e4580000,0x00000000e4580000,0x00000000e4f80000)
 ParOldGen       total 53248K, used 11065K [0x0000000081400000, 0x0000000084800000, 0x00000000d5c00000)
  object space 53248K, 20% used [0x0000000081400000,0x0000000081ece7f8,0x0000000084800000)
 Metaspace       used 26630K, capacity 27002K, committed 27184K, reserved 1073152K
  class space    used 3283K, capacity 3372K, committed 3376K, reserved 1048576K
}
Event: 5.668 GC heap before
{Heap before GC invocations=7 (full 1):
 PSYoungGen      total 138240K, used 138229K [0x00000000d5c00000, 0x00000000e4f80000, 0x0000000100000000)
  eden space 133120K, 100% used [0x00000000d5c00000,0x00000000dde00000,0x00000000dde00000)
  from space 5120K, 99% used [0x00000000dde00000,0x00000000de2fd530,0x00000000de300000)
  to   space 10240K, 0% used [0x00000000e4580000,0x00000000e4580000,0x00000000e4f80000)
 ParOldGen       total 53248K, used 11065K [0x0000000081400000, 0x0000000084800000, 0x00000000d5c00000)
  object space 53248K, 20% used [0x0000000081400000,0x0000000081ece7f8,0x0000000084800000)
 Metaspace       used 31399K, capacity 31832K, committed 32176K, reserved 1077248K
  class space    used 3872K, capacity 3953K, committed 4016K, reserved 1048576K
Event: 5.701 GC heap after
Heap after GC invocations=7 (full 1):
 PSYoungGen      total 235008K, used 10214K [0x00000000d5c00000, 0x00000000e5480000, 0x0000000100000000)
  eden space 224768K, 0% used [0x00000000d5c00000,0x00000000d5c00000,0x00000000e3780000)
  from space 10240K, 99% used [0x00000000e4580000,0x00000000e4f79b70,0x00000000e4f80000)
  to   space 14336K, 0% used [0x00000000e3780000,0x00000000e3780000,0x00000000e4580000)
 ParOldGen       total 53248K, used 15850K [0x0000000081400000, 0x0000000084800000, 0x00000000d5c00000)
  object space 53248K, 29% used [0x0000000081400000,0x000000008237a9f8,0x0000000084800000)
 Metaspace       used 31399K, capacity 31832K, committed 32176K, reserved 1077248K
  class space    used 3872K, capacity 3953K, committed 4016K, reserved 1048576K
}
Event: 6.772 GC heap before
{Heap before GC invocations=8 (full 1):
 PSYoungGen      total 235008K, used 51347K [0x00000000d5c00000, 0x00000000e5480000, 0x0000000100000000)
  eden space 224768K, 18% used [0x00000000d5c00000,0x00000000d842b148,0x00000000e3780000)
  from space 10240K, 99% used [0x00000000e4580000,0x00000000e4f79b70,0x00000000e4f80000)
  to   space 14336K, 0% used [0x00000000e3780000,0x00000000e3780000,0x00000000e4580000)
 ParOldGen       total 53248K, used 15850K [0x0000000081400000, 0x0000000084800000, 0x00000000d5c00000)
  object space 53248K, 29% used [0x0000000081400000,0x000000008237a9f8,0x0000000084800000)
 Metaspace       used 34818K, capacity 35210K, committed 35496K, reserved 1081344K
  class space    used 4209K, capacity 4308K, committed 4400K, reserved 1048576K
Event: 6.790 GC heap after
Heap after GC invocations=8 (full 1):
 PSYoungGen      total 239104K, used 12827K [0x00000000d5c00000, 0x00000000ee580000, 0x0000000100000000)
  eden space 224768K, 0% used [0x00000000d5c00000,0x00000000d5c00000,0x00000000e3780000)
  from space 14336K, 89% used [0x00000000e3780000,0x00000000e4406df8,0x00000000e4580000)
  to   space 15360K, 0% used [0x00000000ed680000,0x00000000ed680000,0x00000000ee580000)
 ParOldGen       total 53248K, used 15858K [0x0000000081400000, 0x0000000084800000, 0x00000000d5c00000)
  object space 53248K, 29% used [0x0000000081400000,0x000000008237c9f8,0x0000000084800000)
 Metaspace       used 34818K, capacity 35210K, committed 35496K, reserved 1081344K
  class space    used 4209K, capacity 4308K, committed 4400K, reserved 1048576K
}
Event: 6.790 GC heap before
{Heap before GC invocations=9 (full 2):
 PSYoungGen      total 239104K, used 12827K [0x00000000d5c00000, 0x00000000ee580000, 0x0000000100000000)
  eden space 224768K, 0% used [0x00000000d5c00000,0x00000000d5c00000,0x00000000e3780000)
  from space 14336K, 89% used [0x00000000e3780000,0x00000000e4406df8,0x00000000e4580000)
  to   space 15360K, 0% used [0x00000000ed680000,0x00000000ed680000,0x00000000ee580000)
 ParOldGen       total 53248K, used 15858K [0x0000000081400000, 0x0000000084800000, 0x00000000d5c00000)
  object space 53248K, 29% used [0x0000000081400000,0x000000008237c9f8,0x0000000084800000)
 Metaspace       used 34818K, capacity 35210K, committed 35496K, reserved 1081344K
  class space    used 4209K, capacity 4308K, committed 4400K, reserved 1048576K
Event: 6.874 GC heap after
Heap after GC invocations=9 (full 2):
 PSYoungGen      total 239104K, used 0K [0x00000000d5c00000, 0x00000000ee580000, 0x0000000100000000)
  eden space 224768K, 0% used [0x00000000d5c00000,0x00000000d5c00000,0x00000000e3780000)
  from space 14336K, 0% used [0x00000000e3780000,0x00000000e3780000,0x00000000e4580000)
  to   space 15360K, 0% used [0x00000000ed680000,0x00000000ed680000,0x00000000ee580000)
 ParOldGen       total 83456K, used 20416K [0x0000000081400000, 0x0000000086580000, 0x00000000d5c00000)
  object space 83456K, 24% used [0x0000000081400000,0x00000000827f00a8,0x0000000086580000)
 Metaspace       used 34818K, capacity 35210K, committed 35496K, reserved 1081344K
  class space    used 4209K, capacity 4308K, committed 4400K, reserved 1048576K
}

